<?xml version="1.0" encoding="UTF-8"?>
<!-- Generated by org.testng.reporters.JUnitReportReporter -->
<testsuite hostname="DDC5-D-4QH7T72" name="com.ActionDemo.ChromeTest" tests="1" failures="0" timestamp="14 Nov 2018 07:28:38 GMT" time="0.007" errors="0">
  <testcase name="f" time="0.007" classname="com.ActionDemo.ChromeTest"/>
</testsuite> <!-- com.ActionDemo.ChromeTest -->
