<?xml version="1.0" encoding="UTF-8"?>
<!-- Generated by org.testng.reporters.JUnitReportReporter -->
<testsuite hostname="DDC5-D-4QH7T72" name="com.ActionDemo.FireFox" tests="1" failures="0" timestamp="15 Nov 2018 06:43:46 GMT" time="5.859" errors="0">
  <testcase name="f" time="5.859" classname="com.ActionDemo.FireFox"/>
</testsuite> <!-- com.ActionDemo.FireFox -->
