<?xml version="1.0" encoding="UTF-8"?>
<!-- Generated by org.testng.reporters.JUnitReportReporter -->
<testsuite hostname="DDC5-D-4QH7T72" name="com.ActionDemo.ActionFirstTest" tests="1" failures="0" timestamp="16 Nov 2018 07:33:35 GMT" time="4.331" errors="0">
  <testcase name="DragDrop" time="4.331" classname="com.ActionDemo.ActionFirstTest"/>
</testsuite> <!-- com.ActionDemo.ActionFirstTest -->
